<?xml version="1.0" encoding="UTF-8"?>
<testsuite name="lk.priyanthasupermarket.PriyanthasupermarketApplicationTests" tests="1" skipped="0" failures="0" errors="0" timestamp="2023-12-23T16:18:50" hostname="SASANKA-PC" time="0.907">
  <properties/>
  <testcase name="contextLoads()" classname="lk.priyanthasupermarket.PriyanthasupermarketApplicationTests" time="0.907"/>
  <system-out><![CDATA[21:48:41.380 [Test worker] INFO org.springframework.test.context.support.AnnotationConfigContextLoaderUtils -- Could not detect default configuration classes for test class [lk.priyanthasupermarket.PriyanthasupermarketApplicationTests]: PriyanthasupermarketApplicationTests does not declare any static, non-private, non-final, nested classes annotated with @Configuration.
21:48:41.822 [Test worker] INFO org.springframework.boot.test.context.SpringBootTestContextBootstrapper -- Found @SpringBootConfiguration lk.priyanthasupermarket.PriyanthasupermarketApplication for test class lk.priyanthasupermarket.PriyanthasupermarketApplicationTests

  .   ____          _            __ _ _
 /\\ / ___'_ __ _ _(_)_ __  __ _ \ \ \ \
( ( )\___ | '_ | '_| | '_ \/ _` | \ \ \ \
 \\/  ___)| |_)| | | | | || (_| |  ) ) ) )
  '  |____| .__|_| |_|_| |_\__, | / / / /
 =========|_|==============|___/=/_/_/_/
 :: Spring Boot ::                (v3.1.5)

2023-12-23T21:48:42.836+05:30  INFO 16616 --- [    Test worker] l.p.PriyanthasupermarketApplicationTests : Starting PriyanthasupermarketApplicationTests using Java 17.0.6 with PID 16616 (started by SASANKA in D:\BIT\Year 3\BIT Project\Project\Final Year Project\priyanthasupermarket)
2023-12-23T21:48:42.836+05:30  INFO 16616 --- [    Test worker] l.p.PriyanthasupermarketApplicationTests : No active profile set, falling back to 1 default profile: "default"
2023-12-23T21:48:44.530+05:30  INFO 16616 --- [    Test worker] .s.d.r.c.RepositoryConfigurationDelegate : Bootstrapping Spring Data JPA repositories in DEFAULT mode.
2023-12-23T21:48:44.640+05:30  INFO 16616 --- [    Test worker] .s.d.r.c.RepositoryConfigurationDelegate : Finished Spring Data repository scanning in 97 ms. Found 3 JPA repository interfaces.
2023-12-23T21:48:45.566+05:30  INFO 16616 --- [    Test worker] com.zaxxer.hikari.HikariDataSource       : HikariPool-1 - Starting...
2023-12-23T21:48:46.428+05:30  INFO 16616 --- [    Test worker] com.zaxxer.hikari.pool.HikariPool        : HikariPool-1 - Added connection com.mysql.cj.jdbc.ConnectionImpl@6d7ad0f5
2023-12-23T21:48:46.428+05:30  INFO 16616 --- [    Test worker] com.zaxxer.hikari.HikariDataSource       : HikariPool-1 - Start completed.
2023-12-23T21:48:46.546+05:30  INFO 16616 --- [    Test worker] o.hibernate.jpa.internal.util.LogHelper  : HHH000204: Processing PersistenceUnitInfo [name: default]
2023-12-23T21:48:46.778+05:30  INFO 16616 --- [    Test worker] org.hibernate.Version                    : HHH000412: Hibernate ORM core version 6.2.13.Final
2023-12-23T21:48:46.809+05:30  INFO 16616 --- [    Test worker] org.hibernate.cfg.Environment            : HHH000406: Using bytecode reflection optimizer
2023-12-23T21:48:47.640+05:30  INFO 16616 --- [    Test worker] o.s.o.j.p.SpringPersistenceUnitInfo      : No LoadTimeWeaver setup: ignoring JPA class transformer
2023-12-23T21:48:49.452+05:30  INFO 16616 --- [    Test worker] o.h.e.t.j.p.i.JtaPlatformInitiator       : HHH000489: No JTA platform available (set 'hibernate.transaction.jta.platform' to enable JTA platform integration)
2023-12-23T21:48:49.457+05:30  INFO 16616 --- [    Test worker] j.LocalContainerEntityManagerFactoryBean : Initialized JPA EntityManagerFactory for persistence unit 'default'
2023-12-23T21:48:50.168+05:30  WARN 16616 --- [    Test worker] JpaBaseConfiguration$JpaWebConfiguration : spring.jpa.open-in-view is enabled by default. Therefore, database queries may be performed during view rendering. Explicitly configure spring.jpa.open-in-view to disable this warning
2023-12-23T21:48:50.804+05:30  INFO 16616 --- [    Test worker] l.p.PriyanthasupermarketApplicationTests : Started PriyanthasupermarketApplicationTests in 8.575 seconds (process running for 11.212)
]]></system-out>
  <system-err><![CDATA[]]></system-err>
</testsuite>
